[33m╷[0m[0m
[33m│[0m [0m[1m[33mWarning: [0m[0m[1mDeprecated Parameter[0m
[33m│[0m [0m
[33m│[0m [0m[0mThe parameter "dynamodb_table" is deprecated. Use parameter "use_lockfile" instead.
[33m╵[0m[0m
Acquiring state lock. This may take a few moments...
[0m[1mrandom_password.django_secret_key: Refreshing state... [id=none][0m
[0m[1mrandom_password.jenkins_admin: Refreshing state... [id=none][0m
[0m[1mrandom_password.grafana_admin: Refreshing state... [id=none][0m
[0m[1mmodule.eks.data.aws_iam_policy_document.cluster_assume: Reading...[0m[0m
[0m[1mmodule.eks.data.aws_iam_policy_document.node_assume: Reading...[0m[0m
[0m[1mmodule.ecr.data.aws_caller_identity.current: Reading...[0m[0m
[0m[1mmodule.ecr.aws_ecr_repository.this: Refreshing state... [id=final-project-django][0m
[0m[1mmodule.vpc.aws_vpc.main: Refreshing state... [id=vpc-0cf59bded664e4e58][0m
[0m[1mmodule.vpc.aws_eip.nat: Refreshing state... [id=eipalloc-0300b15a6dda44e06][0m
[0m[1mmodule.rds.aws_db_parameter_group.this[0]: Refreshing state... [id=final-project-db-pg][0m
[0m[1mmodule.s3_backend.aws_dynamodb_table.terraform_locks: Refreshing state... [id=final-project-tf-locks][0m
[0m[1mmodule.s3_backend.aws_s3_bucket.terraform_state: Refreshing state... [id=final-project-tfstate-001001][0m
[0m[1mmodule.eks.data.aws_iam_policy_document.cluster_assume: Read complete after 0s [id=3552664922][0m
[0m[1mmodule.eks.data.aws_iam_policy_document.node_assume: Read complete after 0s [id=2851119427][0m
[0m[1mmodule.eks.aws_iam_role.node: Refreshing state... [id=final-project-eks-node-role][0m
[0m[1mmodule.eks.aws_iam_role.cluster: Refreshing state... [id=final-project-eks-cluster-role][0m
[0m[1mmodule.ecr.data.aws_caller_identity.current: Read complete after 0s [id=308324916818][0m
[0m[1mmodule.ecr.data.aws_iam_policy_document.ecr: Reading...[0m[0m
[0m[1mmodule.ecr.data.aws_iam_policy_document.ecr: Read complete after 0s [id=447341285][0m
[0m[1mmodule.eks.aws_iam_role_policy_attachment.cluster_policy: Refreshing state... [id=final-project-eks-cluster-role/arn:aws:iam::aws:policy/AmazonEKSClusterPolicy][0m
[0m[1mmodule.eks.aws_iam_role_policy_attachment.node_ecr_readonly: Refreshing state... [id=final-project-eks-node-role/arn:aws:iam::aws:policy/AmazonEC2ContainerRegistryReadOnly][0m
[0m[1mmodule.eks.aws_iam_role_policy_attachment.node_worker_policy: Refreshing state... [id=final-project-eks-node-role/arn:aws:iam::aws:policy/AmazonEKSWorkerNodePolicy][0m
[0m[1mmodule.eks.aws_iam_role_policy_attachment.node_cni_policy: Refreshing state... [id=final-project-eks-node-role/arn:aws:iam::aws:policy/AmazonEKS_CNI_Policy][0m
[0m[1mmodule.ecr.aws_ecr_repository_policy.this: Refreshing state... [id=final-project-django][0m
[0m[1mmodule.vpc.aws_internet_gateway.igw: Refreshing state... [id=igw-04f2a697cf1adc3bd][0m
[0m[1mmodule.vpc.aws_subnet.private[0]: Refreshing state... [id=subnet-0f75ebe3b2ce2267c][0m
[0m[1mmodule.vpc.aws_subnet.private[2]: Refreshing state... [id=subnet-0b6af3c6632d551ac][0m
[0m[1mmodule.vpc.aws_route_table.public: Refreshing state... [id=rtb-0c78e3f21229c1ad4][0m
[0m[1mmodule.vpc.aws_subnet.private[1]: Refreshing state... [id=subnet-0bbd9dcb1d6039d00][0m
[0m[1mmodule.vpc.aws_subnet.public[2]: Refreshing state... [id=subnet-0a30895f7241da6bf][0m
[0m[1mmodule.vpc.aws_subnet.public[0]: Refreshing state... [id=subnet-0400c26d7bb9e89ef][0m
[0m[1mmodule.vpc.aws_route_table.private: Refreshing state... [id=rtb-08ed1013619d58cba][0m
[0m[1mmodule.vpc.aws_subnet.public[1]: Refreshing state... [id=subnet-01fd464bac3bd2f4d][0m
[0m[1mmodule.vpc.aws_route.public_internet: Refreshing state... [id=r-rtb-0c78e3f21229c1ad41080289494][0m
[0m[1mmodule.vpc.aws_route_table_association.private[2]: Refreshing state... [id=rtbassoc-0cf4b66477c3619dd][0m
[0m[1mmodule.vpc.aws_route_table_association.private[1]: Refreshing state... [id=rtbassoc-0e0ddf7d7d13b5bb9][0m
[0m[1mmodule.vpc.aws_route_table_association.private[0]: Refreshing state... [id=rtbassoc-0bb16a3679ba9d370][0m
[0m[1mmodule.rds.aws_db_subnet_group.this: Refreshing state... [id=final-project-subnet-group][0m
[0m[1mmodule.vpc.aws_nat_gateway.this: Refreshing state... [id=nat-07aaeb5cc597dd977][0m
[0m[1mmodule.vpc.aws_route_table_association.public[2]: Refreshing state... [id=rtbassoc-0c91ab5effad41034][0m
[0m[1mmodule.vpc.aws_route_table_association.public[0]: Refreshing state... [id=rtbassoc-0d67bf5e353253a17][0m
[0m[1mmodule.vpc.aws_route_table_association.public[1]: Refreshing state... [id=rtbassoc-023897c83a2c1f5ea][0m
[0m[1mmodule.eks.aws_eks_cluster.this: Refreshing state... [id=final-project-eks][0m
[0m[1mmodule.vpc.aws_route.private_nat: Refreshing state... [id=r-rtb-08ed1013619d58cba1080289494][0m
[0m[1mmodule.s3_backend.aws_s3_bucket_public_access_block.terraform_state: Refreshing state... [id=final-project-tfstate-001001][0m
[0m[1mmodule.s3_backend.aws_s3_bucket_ownership_controls.terraform_state_ownership: Refreshing state... [id=final-project-tfstate-001001][0m
[0m[1mmodule.s3_backend.aws_s3_bucket_versioning.terraform_state_versioning: Refreshing state... [id=final-project-tfstate-001001][0m
[0m[1mmodule.s3_backend.aws_s3_bucket_server_side_encryption_configuration.terraform_state: Refreshing state... [id=final-project-tfstate-001001][0m
[0m[1mmodule.eks.aws_eks_addon.vpc_cni: Refreshing state... [id=final-project-eks:vpc-cni][0m
[0m[1mmodule.eks.aws_eks_addon.kube_proxy: Refreshing state... [id=final-project-eks:kube-proxy][0m
[0m[1mmodule.eks.data.tls_certificate.eks: Reading...[0m[0m
[0m[1mdata.aws_eks_cluster_auth.this: Reading...[0m[0m
[0m[1mmodule.eks.aws_eks_node_group.this: Refreshing state... [id=final-project-eks:final-project-eks-nodes][0m
[0m[1mdata.aws_eks_cluster.this: Reading...[0m[0m
[0m[1mdata.aws_eks_cluster_auth.this: Read complete after 0s [id=final-project-eks][0m
[0m[1mmodule.rds.aws_security_group.this: Refreshing state... [id=sg-0c63271fa00f1dd25][0m
[0m[1mdata.aws_eks_cluster.this: Read complete after 0s [id=final-project-eks][0m
[0m[1mmodule.eks.aws_eks_addon.metrics_server: Refreshing state... [id=final-project-eks:metrics-server][0m
[0m[1mmodule.eks.aws_eks_addon.coredns: Refreshing state... [id=final-project-eks:coredns][0m
[0m[1mmodule.eks.data.tls_certificate.eks: Read complete after 1s [id=f97f646c2cd14cc0db0f757f0fccc96abbbe2af5][0m
[0m[1mmodule.eks.aws_iam_openid_connect_provider.eks: Refreshing state... [id=arn:aws:iam::308324916818:oidc-provider/oidc.eks.us-west-2.amazonaws.com/id/506F379587D73AA97FA0EBC7FF968C1B][0m
[0m[1mmodule.eks.data.aws_iam_policy_document.ebs_csi_assume: Reading...[0m[0m
[0m[1mmodule.eks.data.aws_iam_policy_document.ebs_csi_assume: Read complete after 0s [id=1782611463][0m
[0m[1mmodule.eks.aws_iam_role.ebs_csi: Refreshing state... [id=final-project-eks-ebs-csi-driver][0m
[0m[1mmodule.eks.aws_iam_role_policy_attachment.ebs_csi: Refreshing state... [id=final-project-eks-ebs-csi-driver/arn:aws:iam::aws:policy/service-role/AmazonEBSCSIDriverPolicy][0m
[0m[1mmodule.eks.aws_eks_addon.ebs_csi_driver: Refreshing state... [id=final-project-eks:aws-ebs-csi-driver][0m
[0m[1mmodule.jenkins.data.aws_iam_policy_document.agent_ecr: Reading...[0m[0m
[0m[1mmodule.jenkins.data.aws_iam_policy_document.agent_assume: Reading...[0m[0m
[0m[1mmodule.jenkins.kubernetes_namespace.jenkins: Refreshing state... [id=jenkins][0m
[0m[1mmodule.monitoring.kubernetes_namespace.monitoring: Refreshing state... [id=monitoring][0m
[0m[1mmodule.argo_cd.kubernetes_namespace.argocd: Refreshing state... [id=argocd][0m
[0m[1mmodule.jenkins.data.aws_iam_policy_document.agent_ecr: Read complete after 0s [id=329439842][0m
[0m[1mmodule.monitoring.kubernetes_storage_class.gp3: Refreshing state... [id=gp3][0m
[0m[1mmodule.jenkins.data.aws_iam_policy_document.agent_assume: Read complete after 0s [id=2380245251][0m
[0m[1mmodule.jenkins.aws_iam_role.agent: Refreshing state... [id=final-project-eks-jenkins-agent][0m
[0m[1mmodule.jenkins.aws_iam_role_policy.agent_ecr: Refreshing state... [id=final-project-eks-jenkins-agent:ecr-push][0m
[0m[1mmodule.monitoring.helm_release.kube_prometheus_stack: Refreshing state... [id=monitoring][0m
[0m[1mmodule.jenkins.kubernetes_service_account.agent: Refreshing state... [id=jenkins/jenkins-agent][0m
[0m[1mmodule.argo_cd.helm_release.argocd: Refreshing state... [id=argocd][0m
[0m[1mmodule.argo_cd.helm_release.apps: Refreshing state... [id=argocd-apps][0m

Terraform used the selected providers to generate the following execution
plan. Resource actions are indicated with the following symbols:
  [32m+[0m create[0m

Terraform will perform the following actions:

[1m  # kubernetes_secret.django_app[0m will be created
[0m  [32m+[0m[0m resource "kubernetes_secret" "django_app" {
      [32m+[0m[0m binary_data_wo                 = (write-only attribute)
      [32m+[0m[0m data                           = (sensitive value)
      [32m+[0m[0m data_wo                        = (write-only attribute)
      [32m+[0m[0m id                             = (known after apply)
      [32m+[0m[0m type                           = "Opaque"
      [32m+[0m[0m wait_for_service_account_token = true

      [32m+[0m[0m metadata {
          [32m+[0m[0m generation       = (known after apply)
          [32m+[0m[0m name             = "django-app-secrets"
          [32m+[0m[0m namespace        = "default"
          [32m+[0m[0m resource_version = (known after apply)
          [32m+[0m[0m uid              = (known after apply)
        }
    }

[1m  # module.jenkins.helm_release.jenkins[0m will be created
[0m  [32m+[0m[0m resource "helm_release" "jenkins" {
      [32m+[0m[0m atomic                     = false
      [32m+[0m[0m chart                      = "jenkins"
      [32m+[0m[0m cleanup_on_fail            = false
      [32m+[0m[0m create_namespace           = false
      [32m+[0m[0m dependency_update          = false
      [32m+[0m[0m disable_crd_hooks          = false
      [32m+[0m[0m disable_openapi_validation = false
      [32m+[0m[0m disable_webhooks           = false
      [32m+[0m[0m force_update               = false
      [32m+[0m[0m id                         = (known after apply)
      [32m+[0m[0m lint                       = false
      [32m+[0m[0m manifest                   = (known after apply)
      [32m+[0m[0m max_history                = 0
      [32m+[0m[0m metadata                   = (known after apply)
      [32m+[0m[0m name                       = "jenkins"
      [32m+[0m[0m namespace                  = "jenkins"
      [32m+[0m[0m pass_credentials           = false
      [32m+[0m[0m recreate_pods              = false
      [32m+[0m[0m render_subchart_notes      = true
      [32m+[0m[0m replace                    = false
      [32m+[0m[0m repository                 = "https://charts.jenkins.io"
      [32m+[0m[0m reset_values               = false
      [32m+[0m[0m reuse_values               = false
      [32m+[0m[0m skip_crds                  = false
      [32m+[0m[0m status                     = "deployed"
      [32m+[0m[0m timeout                    = 300
      [32m+[0m[0m values                     = [
          [32m+[0m[0m (sensitive value),
        ]
      [32m+[0m[0m verify                     = false
      [32m+[0m[0m version                    = "5.7.15"
      [32m+[0m[0m wait                       = true
      [32m+[0m[0m wait_for_jobs              = false
    }

[1m  # module.rds.aws_db_instance.this[0][0m will be created
[0m  [32m+[0m[0m resource "aws_db_instance" "this" {
      [32m+[0m[0m address                               = (known after apply)
      [32m+[0m[0m allocated_storage                     = 20
      [32m+[0m[0m apply_immediately                     = false
      [32m+[0m[0m arn                                   = (known after apply)
      [32m+[0m[0m auto_minor_version_upgrade            = true
      [32m+[0m[0m availability_zone                     = (known after apply)
      [32m+[0m[0m backup_retention_period               = 7
      [32m+[0m[0m backup_target                         = (known after apply)
      [32m+[0m[0m backup_window                         = (known after apply)
      [32m+[0m[0m ca_cert_identifier                    = (known after apply)
      [32m+[0m[0m character_set_name                    = (known after apply)
      [32m+[0m[0m copy_tags_to_snapshot                 = false
      [32m+[0m[0m database_insights_mode                = (known after apply)
      [32m+[0m[0m db_name                               = "appdb"
      [32m+[0m[0m db_subnet_group_name                  = "final-project-subnet-group"
      [32m+[0m[0m dedicated_log_volume                  = false
      [32m+[0m[0m delete_automated_backups              = true
      [32m+[0m[0m domain_fqdn                           = (known after apply)
      [32m+[0m[0m endpoint                              = (known after apply)
      [32m+[0m[0m engine                                = "postgres"
      [32m+[0m[0m engine_lifecycle_support              = (known after apply)
      [32m+[0m[0m engine_version                        = "16.9"
      [32m+[0m[0m engine_version_actual                 = (known after apply)
      [32m+[0m[0m hosted_zone_id                        = (known after apply)
      [32m+[0m[0m id                                    = (known after apply)
      [32m+[0m[0m identifier                            = "final-project-db"
      [32m+[0m[0m identifier_prefix                     = (known after apply)
      [32m+[0m[0m instance_class                        = "db.t3.micro"
      [32m+[0m[0m iops                                  = (known after apply)
      [32m+[0m[0m kms_key_id                            = (known after apply)
      [32m+[0m[0m latest_restorable_time                = (known after apply)
      [32m+[0m[0m license_model                         = (known after apply)
      [32m+[0m[0m listener_endpoint                     = (known after apply)
      [32m+[0m[0m maintenance_window                    = (known after apply)
      [32m+[0m[0m master_user_secret                    = (known after apply)
      [32m+[0m[0m master_user_secret_kms_key_id         = (known after apply)
      [32m+[0m[0m monitoring_interval                   = 0
      [32m+[0m[0m monitoring_role_arn                   = (known after apply)
      [32m+[0m[0m multi_az                              = false
      [32m+[0m[0m nchar_character_set_name              = (known after apply)
      [32m+[0m[0m network_type                          = (known after apply)
      [32m+[0m[0m option_group_name                     = (known after apply)
      [32m+[0m[0m parameter_group_name                  = "final-project-db-pg"
      [32m+[0m[0m password                              = (sensitive value)
      [32m+[0m[0m password_wo                           = (write-only attribute)
      [32m+[0m[0m performance_insights_enabled          = false
      [32m+[0m[0m performance_insights_kms_key_id       = (known after apply)
      [32m+[0m[0m performance_insights_retention_period = (known after apply)
      [32m+[0m[0m port                                  = 5432
      [32m+[0m[0m publicly_accessible                   = false
      [32m+[0m[0m region                                = "us-west-2"
      [32m+[0m[0m replica_mode                          = (known after apply)
      [32m+[0m[0m replicas                              = (known after apply)
      [32m+[0m[0m resource_id                           = (known after apply)
      [32m+[0m[0m skip_final_snapshot                   = true
      [32m+[0m[0m snapshot_identifier                   = (known after apply)
      [32m+[0m[0m status                                = (known after apply)
      [32m+[0m[0m storage_encrypted                     = true
      [32m+[0m[0m storage_throughput                    = (known after apply)
      [32m+[0m[0m storage_type                          = "gp3"
      [32m+[0m[0m tags                                  = {
          [32m+[0m[0m "Environment" = "final-project"
          [32m+[0m[0m "Name"        = "final-project-db"
          [32m+[0m[0m "Project"     = "django-app"
        }
      [32m+[0m[0m tags_all                              = {
          [32m+[0m[0m "Environment" = "final-project"
          [32m+[0m[0m "Name"        = "final-project-db"
          [32m+[0m[0m "Project"     = "django-app"
        }
      [32m+[0m[0m timezone                              = (known after apply)
      [32m+[0m[0m upgrade_rollout_order                 = (known after apply)
      [32m+[0m[0m username                              = "dbadmin"
      [32m+[0m[0m vpc_security_group_ids                = [
          [32m+[0m[0m "sg-0c63271fa00f1dd25",
        ]
    }

[1mPlan:[0m [0m3 to add, 0 to change, 0 to destroy.

Changes to Outputs:
  [32m+[0m[0m rds_endpoint                  = (known after apply)
[0m[1m
Do you want to perform these actions?[0m
  Terraform will perform the actions described above.
  Only 'yes' will be accepted to approve.

  [1mEnter a value:[0m [0m
[0m[1mmodule.rds.aws_db_instance.this[0]: Creating...[0m[0m
[0m[1mmodule.jenkins.helm_release.jenkins: Creating...[0m[0m
[0m[1mmodule.rds.aws_db_instance.this[0]: Still creating... [00m10s elapsed][0m[0m
[0m[1mmodule.jenkins.helm_release.jenkins: Still creating... [00m10s elapsed][0m[0m
[0m[1mmodule.rds.aws_db_instance.this[0]: Still creating... [00m20s elapsed][0m[0m
[0m[1mmodule.jenkins.helm_release.jenkins: Still creating... [00m20s elapsed][0m[0m
[0m[1mmodule.rds.aws_db_instance.this[0]: Still creating... [00m30s elapsed][0m[0m
[0m[1mmodule.jenkins.helm_release.jenkins: Still creating... [00m30s elapsed][0m[0m
[0m[1mmodule.rds.aws_db_instance.this[0]: Still creating... [00m40s elapsed][0m[0m
[0m[1mmodule.jenkins.helm_release.jenkins: Still creating... [00m40s elapsed][0m[0m
[0m[1mmodule.rds.aws_db_instance.this[0]: Still creating... [00m50s elapsed][0m[0m
[0m[1mmodule.jenkins.helm_release.jenkins: Still creating... [00m50s elapsed][0m[0m
[0m[1mmodule.rds.aws_db_instance.this[0]: Still creating... [01m00s elapsed][0m[0m
[0m[1mmodule.jenkins.helm_release.jenkins: Still creating... [01m00s elapsed][0m[0m
[0m[1mmodule.rds.aws_db_instance.this[0]: Still creating... [01m10s elapsed][0m[0m
[0m[1mmodule.jenkins.helm_release.jenkins: Still creating... [01m10s elapsed][0m[0m
[0m[1mmodule.rds.aws_db_instance.this[0]: Still creating... [01m20s elapsed][0m[0m
[0m[1mmodule.jenkins.helm_release.jenkins: Still creating... [01m20s elapsed][0m[0m
[0m[1mmodule.rds.aws_db_instance.this[0]: Still creating... [01m30s elapsed][0m[0m
[0m[1mmodule.jenkins.helm_release.jenkins: Still creating... [01m30s elapsed][0m[0m
[0m[1mmodule.rds.aws_db_instance.this[0]: Still creating... [01m40s elapsed][0m[0m
[0m[1mmodule.jenkins.helm_release.jenkins: Still creating... [01m40s elapsed][0m[0m
[0m[1mmodule.rds.aws_db_instance.this[0]: Still creating... [01m50s elapsed][0m[0m
[0m[1mmodule.jenkins.helm_release.jenkins: Still creating... [01m50s elapsed][0m[0m
[0m[1mmodule.rds.aws_db_instance.this[0]: Still creating... [02m00s elapsed][0m[0m
[0m[1mmodule.jenkins.helm_release.jenkins: Still creating... [02m00s elapsed][0m[0m
[0m[1mmodule.rds.aws_db_instance.this[0]: Still creating... [02m10s elapsed][0m[0m
[0m[1mmodule.jenkins.helm_release.jenkins: Still creating... [02m10s elapsed][0m[0m
[0m[1mmodule.rds.aws_db_instance.this[0]: Still creating... [02m20s elapsed][0m[0m
[0m[1mmodule.jenkins.helm_release.jenkins: Still creating... [02m20s elapsed][0m[0m
[0m[1mmodule.rds.aws_db_instance.this[0]: Still creating... [02m30s elapsed][0m[0m
[0m[1mmodule.jenkins.helm_release.jenkins: Still creating... [02m30s elapsed][0m[0m
[0m[1mmodule.rds.aws_db_instance.this[0]: Still creating... [02m40s elapsed][0m[0m
[0m[1mmodule.jenkins.helm_release.jenkins: Still creating... [02m40s elapsed][0m[0m
[0m[1mmodule.rds.aws_db_instance.this[0]: Still creating... [02m50s elapsed][0m[0m
[0m[1mmodule.jenkins.helm_release.jenkins: Still creating... [02m50s elapsed][0m[0m
[0m[1mmodule.rds.aws_db_instance.this[0]: Still creating... [03m00s elapsed][0m[0m
[0m[1mmodule.jenkins.helm_release.jenkins: Still creating... [03m00s elapsed][0m[0m
[0m[1mmodule.rds.aws_db_instance.this[0]: Still creating... [03m10s elapsed][0m[0m
[0m[1mmodule.jenkins.helm_release.jenkins: Still creating... [03m10s elapsed][0m[0m
[0m[1mmodule.rds.aws_db_instance.this[0]: Still creating... [03m20s elapsed][0m[0m
[0m[1mmodule.jenkins.helm_release.jenkins: Still creating... [03m20s elapsed][0m[0m
[0m[1mmodule.rds.aws_db_instance.this[0]: Still creating... [03m30s elapsed][0m[0m
[0m[1mmodule.jenkins.helm_release.jenkins: Still creating... [03m30s elapsed][0m[0m
[0m[1mmodule.rds.aws_db_instance.this[0]: Still creating... [03m40s elapsed][0m[0m
[0m[1mmodule.jenkins.helm_release.jenkins: Still creating... [03m40s elapsed][0m[0m
[0m[1mmodule.rds.aws_db_instance.this[0]: Still creating... [03m50s elapsed][0m[0m
[0m[1mmodule.jenkins.helm_release.jenkins: Still creating... [03m50s elapsed][0m[0m
[0m[1mmodule.rds.aws_db_instance.this[0]: Still creating... [04m00s elapsed][0m[0m
[0m[1mmodule.jenkins.helm_release.jenkins: Still creating... [04m00s elapsed][0m[0m
[0m[1mmodule.rds.aws_db_instance.this[0]: Still creating... [04m10s elapsed][0m[0m
[0m[1mmodule.jenkins.helm_release.jenkins: Still creating... [04m10s elapsed][0m[0m
[0m[1mmodule.rds.aws_db_instance.this[0]: Still creating... [04m20s elapsed][0m[0m
[0m[1mmodule.jenkins.helm_release.jenkins: Still creating... [04m20s elapsed][0m[0m
[0m[1mmodule.rds.aws_db_instance.this[0]: Still creating... [04m30s elapsed][0m[0m
[0m[1mmodule.jenkins.helm_release.jenkins: Still creating... [04m30s elapsed][0m[0m
[0m[1mmodule.rds.aws_db_instance.this[0]: Still creating... [04m40s elapsed][0m[0m
[0m[1mmodule.jenkins.helm_release.jenkins: Still creating... [04m40s elapsed][0m[0m
[0m[1mmodule.rds.aws_db_instance.this[0]: Still creating... [04m50s elapsed][0m[0m
[0m[1mmodule.jenkins.helm_release.jenkins: Still creating... [04m50s elapsed][0m[0m
[0m[1mmodule.rds.aws_db_instance.this[0]: Still creating... [05m00s elapsed][0m[0m
[0m[1mmodule.jenkins.helm_release.jenkins: Still creating... [05m00s elapsed][0m[0m
[0m[1mmodule.rds.aws_db_instance.this[0]: Still creating... [05m10s elapsed][0m[0m
[0m[1mmodule.jenkins.helm_release.jenkins: Still creating... [05m10s elapsed][0m[0m
[0m[1mmodule.rds.aws_db_instance.this[0]: Still creating... [05m20s elapsed][0m[0m
[0m[1mmodule.jenkins.helm_release.jenkins: Still creating... [05m20s elapsed][0m[0m
[0m[1mmodule.rds.aws_db_instance.this[0]: Still creating... [05m30s elapsed][0m[0m
[0m[1mmodule.rds.aws_db_instance.this[0]: Still creating... [05m40s elapsed][0m[0m
[0m[1mmodule.rds.aws_db_instance.this[0]: Still creating... [05m50s elapsed][0m[0m
[0m[1mmodule.rds.aws_db_instance.this[0]: Still creating... [06m00s elapsed][0m[0m
[0m[1mmodule.rds.aws_db_instance.this[0]: Still creating... [06m10s elapsed][0m[0m
[0m[1mmodule.rds.aws_db_instance.this[0]: Still creating... [06m20s elapsed][0m[0m
[0m[1mmodule.rds.aws_db_instance.this[0]: Still creating... [06m30s elapsed][0m[0m
[0m[1mmodule.rds.aws_db_instance.this[0]: Still creating... [06m40s elapsed][0m[0m
[0m[1mmodule.rds.aws_db_instance.this[0]: Still creating... [06m50s elapsed][0m[0m
[0m[1mmodule.rds.aws_db_instance.this[0]: Still creating... [07m00s elapsed][0m[0m
[0m[1mmodule.rds.aws_db_instance.this[0]: Still creating... [07m10s elapsed][0m[0m
[0m[1mmodule.rds.aws_db_instance.this[0]: Still creating... [07m20s elapsed][0m[0m
[0m[1mmodule.rds.aws_db_instance.this[0]: Still creating... [07m30s elapsed][0m[0m
[0m[1mmodule.rds.aws_db_instance.this[0]: Still creating... [07m40s elapsed][0m[0m
[0m[1mmodule.rds.aws_db_instance.this[0]: Creation complete after 7m41s [id=db-WQPUD5ILSBMK4TWLSTCPLCANRQ][0m
[0m[1mkubernetes_secret.django_app: Creating...[0m[0m
[0m[1mkubernetes_secret.django_app: Creation complete after 2s [id=default/django-app-secrets][0m
[33m╷[0m[0m
[33m│[0m [0m[1m[33mWarning: [0m[0m[1mHelm release "" was created but has a failed status. Use the `helm` command to investigate the error, correct it, then run Terraform again.[0m
[33m│[0m [0m
[33m│[0m [0m[0m  with module.jenkins.helm_release.jenkins,
[33m│[0m [0m  on modules/jenkins/jenkins.tf line 76, in resource "helm_release" "jenkins":
[33m│[0m [0m  76: resource "helm_release" "jenkins" [4m{[0m[0m
[33m│[0m [0m
[33m╵[0m[0m
Releasing state lock. This may take a few moments...
[33m╷[0m[0m
[33m│[0m [0m[1m[33mWarning: [0m[0m[1mDeprecated Parameter[0m
[33m│[0m [0m
[33m│[0m [0m[0mThe parameter "dynamodb_table" is deprecated. Use parameter "use_lockfile" instead.
[33m╵[0m[0m
Acquiring state lock. This may take a few moments...
[0m[1mrandom_password.grafana_admin: Refreshing state... [id=none][0m
[0m[1mrandom_password.django_secret_key: Refreshing state... [id=none][0m
[0m[1mrandom_password.jenkins_admin: Refreshing state... [id=none][0m
[0m[1mmodule.eks.data.aws_iam_policy_document.cluster_assume: Reading...[0m[0m
[0m[1mmodule.eks.data.aws_iam_policy_document.node_assume: Reading...[0m[0m
[0m[1mmodule.ecr.data.aws_caller_identity.current: Reading...[0m[0m
[0m[1mmodule.ecr.aws_ecr_repository.this: Refreshing state... [id=final-project-django][0m
[0m[1mmodule.rds.aws_db_parameter_group.this[0]: Refreshing state... [id=final-project-db-pg][0m
[0m[1mmodule.vpc.aws_vpc.main: Refreshing state... [id=vpc-0cf59bded664e4e58][0m
[0m[1mmodule.vpc.aws_eip.nat: Refreshing state... [id=eipalloc-0300b15a6dda44e06][0m
[0m[1mmodule.s3_backend.aws_s3_bucket.terraform_state: Refreshing state... [id=final-project-tfstate-001001][0m
[0m[1mmodule.s3_backend.aws_dynamodb_table.terraform_locks: Refreshing state... [id=final-project-tf-locks][0m
[0m[1mmodule.eks.data.aws_iam_policy_document.cluster_assume: Read complete after 0s [id=3552664922][0m
[0m[1mmodule.eks.data.aws_iam_policy_document.node_assume: Read complete after 0s [id=2851119427][0m
[0m[1mmodule.eks.aws_iam_role.cluster: Refreshing state... [id=final-project-eks-cluster-role][0m
[0m[1mmodule.eks.aws_iam_role.node: Refreshing state... [id=final-project-eks-node-role][0m
[0m[1mmodule.ecr.data.aws_caller_identity.current: Read complete after 0s [id=308324916818][0m
[0m[1mmodule.ecr.data.aws_iam_policy_document.ecr: Reading...[0m[0m
[0m[1mmodule.ecr.data.aws_iam_policy_document.ecr: Read complete after 0s [id=447341285][0m
[0m[1mmodule.eks.aws_iam_role_policy_attachment.cluster_policy: Refreshing state... [id=final-project-eks-cluster-role/arn:aws:iam::aws:policy/AmazonEKSClusterPolicy][0m
[0m[1mmodule.eks.aws_iam_role_policy_attachment.node_worker_policy: Refreshing state... [id=final-project-eks-node-role/arn:aws:iam::aws:policy/AmazonEKSWorkerNodePolicy][0m
[0m[1mmodule.eks.aws_iam_role_policy_attachment.node_cni_policy: Refreshing state... [id=final-project-eks-node-role/arn:aws:iam::aws:policy/AmazonEKS_CNI_Policy][0m
[0m[1mmodule.eks.aws_iam_role_policy_attachment.node_ecr_readonly: Refreshing state... [id=final-project-eks-node-role/arn:aws:iam::aws:policy/AmazonEC2ContainerRegistryReadOnly][0m
[0m[1mmodule.ecr.aws_ecr_repository_policy.this: Refreshing state... [id=final-project-django][0m
[0m[1mmodule.vpc.aws_internet_gateway.igw: Refreshing state... [id=igw-04f2a697cf1adc3bd][0m
[0m[1mmodule.vpc.aws_route_table.public: Refreshing state... [id=rtb-0c78e3f21229c1ad4][0m
[0m[1mmodule.vpc.aws_route_table.private: Refreshing state... [id=rtb-08ed1013619d58cba][0m
[0m[1mmodule.vpc.aws_subnet.public[2]: Refreshing state... [id=subnet-0a30895f7241da6bf][0m
[0m[1mmodule.vpc.aws_subnet.private[1]: Refreshing state... [id=subnet-0bbd9dcb1d6039d00][0m
[0m[1mmodule.vpc.aws_subnet.private[0]: Refreshing state... [id=subnet-0f75ebe3b2ce2267c][0m
[0m[1mmodule.vpc.aws_subnet.public[1]: Refreshing state... [id=subnet-01fd464bac3bd2f4d][0m
[0m[1mmodule.vpc.aws_subnet.private[2]: Refreshing state... [id=subnet-0b6af3c6632d551ac][0m
[0m[1mmodule.vpc.aws_subnet.public[0]: Refreshing state... [id=subnet-0400c26d7bb9e89ef][0m
[0m[1mmodule.vpc.aws_route.public_internet: Refreshing state... [id=r-rtb-0c78e3f21229c1ad41080289494][0m
[0m[1mmodule.vpc.aws_route_table_association.public[0]: Refreshing state... [id=rtbassoc-0d67bf5e353253a17][0m
[0m[1mmodule.vpc.aws_route_table_association.public[1]: Refreshing state... [id=rtbassoc-023897c83a2c1f5ea][0m
[0m[1mmodule.vpc.aws_route_table_association.public[2]: Refreshing state... [id=rtbassoc-0c91ab5effad41034][0m
[0m[1mmodule.vpc.aws_nat_gateway.this: Refreshing state... [id=nat-07aaeb5cc597dd977][0m
[0m[1mmodule.vpc.aws_route_table_association.private[2]: Refreshing state... [id=rtbassoc-0cf4b66477c3619dd][0m
[0m[1mmodule.vpc.aws_route_table_association.private[0]: Refreshing state... [id=rtbassoc-0bb16a3679ba9d370][0m
[0m[1mmodule.vpc.aws_route_table_association.private[1]: Refreshing state... [id=rtbassoc-0e0ddf7d7d13b5bb9][0m
[0m[1mmodule.rds.aws_db_subnet_group.this: Refreshing state... [id=final-project-subnet-group][0m
[0m[1mmodule.eks.aws_eks_cluster.this: Refreshing state... [id=final-project-eks][0m
[0m[1mmodule.vpc.aws_route.private_nat: Refreshing state... [id=r-rtb-08ed1013619d58cba1080289494][0m
[0m[1mmodule.eks.aws_eks_addon.vpc_cni: Refreshing state... [id=final-project-eks:vpc-cni][0m
[0m[1mmodule.eks.aws_eks_addon.kube_proxy: Refreshing state... [id=final-project-eks:kube-proxy][0m
[0m[1mmodule.eks.aws_eks_node_group.this: Refreshing state... [id=final-project-eks:final-project-eks-nodes][0m
[0m[1mmodule.eks.data.tls_certificate.eks: Reading...[0m[0m
[0m[1mdata.aws_eks_cluster_auth.this: Reading...[0m[0m
[0m[1mdata.aws_eks_cluster.this: Reading...[0m[0m
[0m[1mmodule.s3_backend.aws_s3_bucket_versioning.terraform_state_versioning: Refreshing state... [id=final-project-tfstate-001001][0m
[0m[1mdata.aws_eks_cluster_auth.this: Read complete after 0s [id=final-project-eks][0m
[0m[1mmodule.s3_backend.aws_s3_bucket_ownership_controls.terraform_state_ownership: Refreshing state... [id=final-project-tfstate-001001][0m
[0m[1mmodule.s3_backend.aws_s3_bucket_server_side_encryption_configuration.terraform_state: Refreshing state... [id=final-project-tfstate-001001][0m
[0m[1mmodule.s3_backend.aws_s3_bucket_public_access_block.terraform_state: Refreshing state... [id=final-project-tfstate-001001][0m
[0m[1mmodule.rds.aws_security_group.this: Refreshing state... [id=sg-0c63271fa00f1dd25][0m
[0m[1mmodule.rds.aws_db_instance.this[0]: Refreshing state... [id=db-WQPUD5ILSBMK4TWLSTCPLCANRQ][0m
[0m[1mdata.aws_eks_cluster.this: Read complete after 0s [id=final-project-eks][0m
[0m[1mmodule.eks.aws_eks_addon.metrics_server: Refreshing state... [id=final-project-eks:metrics-server][0m
[0m[1mmodule.eks.aws_eks_addon.coredns: Refreshing state... [id=final-project-eks:coredns][0m
[0m[1mmodule.eks.data.tls_certificate.eks: Read complete after 1s [id=f97f646c2cd14cc0db0f757f0fccc96abbbe2af5][0m
[0m[1mmodule.eks.aws_iam_openid_connect_provider.eks: Refreshing state... [id=arn:aws:iam::308324916818:oidc-provider/oidc.eks.us-west-2.amazonaws.com/id/506F379587D73AA97FA0EBC7FF968C1B][0m
[0m[1mmodule.eks.data.aws_iam_policy_document.ebs_csi_assume: Reading...[0m[0m
[0m[1mmodule.eks.data.aws_iam_policy_document.ebs_csi_assume: Read complete after 0s [id=1782611463][0m
[0m[1mmodule.eks.aws_iam_role.ebs_csi: Refreshing state... [id=final-project-eks-ebs-csi-driver][0m
[0m[1mmodule.eks.aws_iam_role_policy_attachment.ebs_csi: Refreshing state... [id=final-project-eks-ebs-csi-driver/arn:aws:iam::aws:policy/service-role/AmazonEBSCSIDriverPolicy][0m
[0m[1mmodule.eks.aws_eks_addon.ebs_csi_driver: Refreshing state... [id=final-project-eks:aws-ebs-csi-driver][0m
[0m[1mmodule.jenkins.data.aws_iam_policy_document.agent_ecr: Reading...[0m[0m
[0m[1mmodule.jenkins.data.aws_iam_policy_document.agent_assume: Reading...[0m[0m
[0m[1mmodule.monitoring.kubernetes_namespace.monitoring: Refreshing state... [id=monitoring][0m
[0m[1mmodule.argo_cd.kubernetes_namespace.argocd: Refreshing state... [id=argocd][0m
[0m[1mmodule.monitoring.kubernetes_storage_class.gp3: Refreshing state... [id=gp3][0m
[0m[1mmodule.jenkins.kubernetes_namespace.jenkins: Refreshing state... [id=jenkins][0m
[0m[1mkubernetes_secret.django_app: Refreshing state... [id=default/django-app-secrets][0m
[0m[1mmodule.jenkins.data.aws_iam_policy_document.agent_ecr: Read complete after 0s [id=329439842][0m
[0m[1mmodule.jenkins.data.aws_iam_policy_document.agent_assume: Read complete after 0s [id=2380245251][0m
[0m[1mmodule.jenkins.aws_iam_role.agent: Refreshing state... [id=final-project-eks-jenkins-agent][0m
[0m[1mmodule.jenkins.aws_iam_role_policy.agent_ecr: Refreshing state... [id=final-project-eks-jenkins-agent:ecr-push][0m
[0m[1mmodule.argo_cd.helm_release.argocd: Refreshing state... [id=argocd][0m
[0m[1mmodule.jenkins.kubernetes_service_account.agent: Refreshing state... [id=jenkins/jenkins-agent][0m
[0m[1mmodule.monitoring.helm_release.kube_prometheus_stack: Refreshing state... [id=monitoring][0m
[0m[1mmodule.jenkins.helm_release.jenkins: Refreshing state... [id=jenkins][0m
[0m[1mmodule.argo_cd.helm_release.apps: Refreshing state... [id=argocd-apps][0m

[1m[36mNote:[0m[1m Objects have changed outside of Terraform
[0m
Terraform detected the following changes made outside of Terraform since the
last "terraform apply" which may have affected this plan:

[1m  # module.jenkins.helm_release.jenkins[0m has been deleted
[0m  [31m-[0m[0m resource "helm_release" "jenkins" {
        id                         = "jenkins"
      [31m-[0m[0m name                       = "jenkins" [90m-> null[0m[0m
        [90m# (28 unchanged attributes hidden)[0m[0m
    }


Unless you have made equivalent changes to your configuration, or ignored the
relevant attributes using ignore_changes, the following plan may include
actions to undo or respond to these changes.
[90m
─────────────────────────────────────────────────────────────────────────────[0m

Terraform used the selected providers to generate the following execution
plan. Resource actions are indicated with the following symbols:
  [32m+[0m create[0m

Terraform will perform the following actions:

[1m  # module.jenkins.helm_release.jenkins[0m will be created
[0m  [32m+[0m[0m resource "helm_release" "jenkins" {
      [32m+[0m[0m atomic                     = false
      [32m+[0m[0m chart                      = "jenkins"
      [32m+[0m[0m cleanup_on_fail            = false
      [32m+[0m[0m create_namespace           = false
      [32m+[0m[0m dependency_update          = false
      [32m+[0m[0m disable_crd_hooks          = false
      [32m+[0m[0m disable_openapi_validation = false
      [32m+[0m[0m disable_webhooks           = false
      [32m+[0m[0m force_update               = false
      [32m+[0m[0m id                         = (known after apply)
      [32m+[0m[0m lint                       = false
      [32m+[0m[0m manifest                   = (known after apply)
      [32m+[0m[0m max_history                = 0
      [32m+[0m[0m metadata                   = (known after apply)
      [32m+[0m[0m name                       = "jenkins"
      [32m+[0m[0m namespace                  = "jenkins"
      [32m+[0m[0m pass_credentials           = false
      [32m+[0m[0m recreate_pods              = false
      [32m+[0m[0m render_subchart_notes      = true
      [32m+[0m[0m replace                    = false
      [32m+[0m[0m repository                 = "https://charts.jenkins.io"
      [32m+[0m[0m reset_values               = false
      [32m+[0m[0m reuse_values               = false
      [32m+[0m[0m skip_crds                  = false
      [32m+[0m[0m status                     = "deployed"
      [32m+[0m[0m timeout                    = 300
      [32m+[0m[0m values                     = [
          [32m+[0m[0m (sensitive value),
        ]
      [32m+[0m[0m verify                     = false
      [32m+[0m[0m version                    = "5.7.15"
      [32m+[0m[0m wait                       = true
      [32m+[0m[0m wait_for_jobs              = false
    }

[1mPlan:[0m [0m1 to add, 0 to change, 0 to destroy.
[0m[1m
Do you want to perform these actions?[0m
  Terraform will perform the actions described above.
  Only 'yes' will be accepted to approve.

  [1mEnter a value:[0m [0m
[0m[1mmodule.jenkins.helm_release.jenkins: Creating...[0m[0m
[0m[1mmodule.jenkins.helm_release.jenkins: Still creating... [00m10s elapsed][0m[0m
[0m[1mmodule.jenkins.helm_release.jenkins: Still creating... [00m20s elapsed][0m[0m
[0m[1mmodule.jenkins.helm_release.jenkins: Still creating... [00m30s elapsed][0m[0m
[0m[1mmodule.jenkins.helm_release.jenkins: Still creating... [00m40s elapsed][0m[0m
[0m[1mmodule.jenkins.helm_release.jenkins: Still creating... [00m50s elapsed][0m[0m
[0m[1mmodule.jenkins.helm_release.jenkins: Still creating... [01m00s elapsed][0m[0m
[0m[1mmodule.jenkins.helm_release.jenkins: Still creating... [01m10s elapsed][0m[0m
[0m[1mmodule.jenkins.helm_release.jenkins: Still creating... [01m20s elapsed][0m[0m
[0m[1mmodule.jenkins.helm_release.jenkins: Still creating... [01m30s elapsed][0m[0m
[0m[1mmodule.jenkins.helm_release.jenkins: Still creating... [01m40s elapsed][0m[0m
[0m[1mmodule.jenkins.helm_release.jenkins: Still creating... [01m50s elapsed][0m[0m
[0m[1mmodule.jenkins.helm_release.jenkins: Still creating... [02m00s elapsed][0m[0m
[0m[1mmodule.jenkins.helm_release.jenkins: Still creating... [02m10s elapsed][0m[0m
[0m[1mmodule.jenkins.helm_release.jenkins: Still creating... [02m20s elapsed][0m[0m
[0m[1mmodule.jenkins.helm_release.jenkins: Still creating... [02m30s elapsed][0m[0m
[0m[1mmodule.jenkins.helm_release.jenkins: Still creating... [02m40s elapsed][0m[0m
[0m[1mmodule.jenkins.helm_release.jenkins: Still creating... [02m50s elapsed][0m[0m
[0m[1mmodule.jenkins.helm_release.jenkins: Still creating... [03m00s elapsed][0m[0m
[0m[1mmodule.jenkins.helm_release.jenkins: Still creating... [03m10s elapsed][0m[0m
[0m[1mmodule.jenkins.helm_release.jenkins: Still creating... [03m20s elapsed][0m[0m
[0m[1mmodule.jenkins.helm_release.jenkins: Still creating... [03m30s elapsed][0m[0m
[0m[1mmodule.jenkins.helm_release.jenkins: Still creating... [03m40s elapsed][0m[0m
[0m[1mmodule.jenkins.helm_release.jenkins: Still creating... [03m50s elapsed][0m[0m
[0m[1mmodule.jenkins.helm_release.jenkins: Still creating... [04m00s elapsed][0m[0m
[0m[1mmodule.jenkins.helm_release.jenkins: Still creating... [04m10s elapsed][0m[0m
[0m[1mmodule.jenkins.helm_release.jenkins: Still creating... [04m20s elapsed][0m[0m
[0m[1mmodule.jenkins.helm_release.jenkins: Still creating... [04m30s elapsed][0m[0m
[0m[1mmodule.jenkins.helm_release.jenkins: Still creating... [04m40s elapsed][0m[0m
[0m[1mmodule.jenkins.helm_release.jenkins: Still creating... [04m50s elapsed][0m[0m
[0m[1mmodule.jenkins.helm_release.jenkins: Still creating... [05m00s elapsed][0m[0m
[0m[1mmodule.jenkins.helm_release.jenkins: Still creating... [05m10s elapsed][0m[0m
[0m[1mmodule.jenkins.helm_release.jenkins: Still creating... [05m20s elapsed][0m[0m
[33m╷[0m[0m
[33m│[0m [0m[1m[33mWarning: [0m[0m[1mHelm release "" was created but has a failed status. Use the `helm` command to investigate the error, correct it, then run Terraform again.[0m
[33m│[0m [0m
[33m│[0m [0m[0m  with module.jenkins.helm_release.jenkins,
[33m│[0m [0m  on modules/jenkins/jenkins.tf line 76, in resource "helm_release" "jenkins":
[33m│[0m [0m  76: resource "helm_release" "jenkins" [4m{[0m[0m
[33m│[0m [0m
[33m╵[0m[0m
Releasing state lock. This may take a few moments...
[33m╷[0m[0m
[33m│[0m [0m[1m[33mWarning: [0m[0m[1mDeprecated Parameter[0m
[33m│[0m [0m
[33m│[0m [0m[0mThe parameter "dynamodb_table" is deprecated. Use parameter "use_lockfile" instead.
[33m╵[0m[0m
Acquiring state lock. This may take a few moments...
[0m[1mrandom_password.django_secret_key: Refreshing state... [id=none][0m
[0m[1mrandom_password.grafana_admin: Refreshing state... [id=none][0m
[0m[1mrandom_password.jenkins_admin: Refreshing state... [id=none][0m
[0m[1mmodule.ecr.data.aws_caller_identity.current: Reading...[0m[0m
[0m[1mmodule.eks.data.aws_iam_policy_document.node_assume: Reading...[0m[0m
[0m[1mmodule.eks.data.aws_iam_policy_document.cluster_assume: Reading...[0m[0m
[0m[1mmodule.vpc.aws_eip.nat: Refreshing state... [id=eipalloc-0300b15a6dda44e06][0m
[0m[1mmodule.ecr.aws_ecr_repository.this: Refreshing state... [id=final-project-django][0m
[0m[1mmodule.vpc.aws_vpc.main: Refreshing state... [id=vpc-0cf59bded664e4e58][0m
[0m[1mmodule.rds.aws_db_parameter_group.this[0]: Refreshing state... [id=final-project-db-pg][0m
[0m[1mmodule.s3_backend.aws_dynamodb_table.terraform_locks: Refreshing state... [id=final-project-tf-locks][0m
[0m[1mmodule.s3_backend.aws_s3_bucket.terraform_state: Refreshing state... [id=final-project-tfstate-001001][0m
[0m[1mmodule.eks.data.aws_iam_policy_document.node_assume: Read complete after 0s [id=2851119427][0m
[0m[1mmodule.eks.data.aws_iam_policy_document.cluster_assume: Read complete after 0s [id=3552664922][0m
[0m[1mmodule.eks.aws_iam_role.node: Refreshing state... [id=final-project-eks-node-role][0m
[0m[1mmodule.eks.aws_iam_role.cluster: Refreshing state... [id=final-project-eks-cluster-role][0m
[0m[1mmodule.ecr.data.aws_caller_identity.current: Read complete after 1s [id=308324916818][0m
[0m[1mmodule.ecr.data.aws_iam_policy_document.ecr: Reading...[0m[0m
[0m[1mmodule.ecr.data.aws_iam_policy_document.ecr: Read complete after 0s [id=447341285][0m
[0m[1mmodule.eks.aws_iam_role_policy_attachment.node_ecr_readonly: Refreshing state... [id=final-project-eks-node-role/arn:aws:iam::aws:policy/AmazonEC2ContainerRegistryReadOnly][0m
[0m[1mmodule.eks.aws_iam_role_policy_attachment.node_worker_policy: Refreshing state... [id=final-project-eks-node-role/arn:aws:iam::aws:policy/AmazonEKSWorkerNodePolicy][0m
[0m[1mmodule.eks.aws_iam_role_policy_attachment.node_cni_policy: Refreshing state... [id=final-project-eks-node-role/arn:aws:iam::aws:policy/AmazonEKS_CNI_Policy][0m
[0m[1mmodule.eks.aws_iam_role_policy_attachment.cluster_policy: Refreshing state... [id=final-project-eks-cluster-role/arn:aws:iam::aws:policy/AmazonEKSClusterPolicy][0m
[0m[1mmodule.ecr.aws_ecr_repository_policy.this: Refreshing state... [id=final-project-django][0m
[0m[1mmodule.vpc.aws_internet_gateway.igw: Refreshing state... [id=igw-04f2a697cf1adc3bd][0m
[0m[1mmodule.vpc.aws_route_table.public: Refreshing state... [id=rtb-0c78e3f21229c1ad4][0m
[0m[1mmodule.vpc.aws_route_table.private: Refreshing state... [id=rtb-08ed1013619d58cba][0m
[0m[1mmodule.vpc.aws_subnet.private[0]: Refreshing state... [id=subnet-0f75ebe3b2ce2267c][0m
[0m[1mmodule.vpc.aws_subnet.private[2]: Refreshing state... [id=subnet-0b6af3c6632d551ac][0m
[0m[1mmodule.vpc.aws_subnet.private[1]: Refreshing state... [id=subnet-0bbd9dcb1d6039d00][0m
[0m[1mmodule.vpc.aws_subnet.public[0]: Refreshing state... [id=subnet-0400c26d7bb9e89ef][0m
[0m[1mmodule.vpc.aws_subnet.public[2]: Refreshing state... [id=subnet-0a30895f7241da6bf][0m
[0m[1mmodule.vpc.aws_subnet.public[1]: Refreshing state... [id=subnet-01fd464bac3bd2f4d][0m
[0m[1mmodule.vpc.aws_route.public_internet: Refreshing state... [id=r-rtb-0c78e3f21229c1ad41080289494][0m
[0m[1mmodule.vpc.aws_route_table_association.private[0]: Refreshing state... [id=rtbassoc-0bb16a3679ba9d370][0m
[0m[1mmodule.vpc.aws_route_table_association.private[1]: Refreshing state... [id=rtbassoc-0e0ddf7d7d13b5bb9][0m
[0m[1mmodule.vpc.aws_route_table_association.private[2]: Refreshing state... [id=rtbassoc-0cf4b66477c3619dd][0m
[0m[1mmodule.rds.aws_db_subnet_group.this: Refreshing state... [id=final-project-subnet-group][0m
[0m[1mmodule.vpc.aws_route_table_association.public[2]: Refreshing state... [id=rtbassoc-0c91ab5effad41034][0m
[0m[1mmodule.vpc.aws_route_table_association.public[0]: Refreshing state... [id=rtbassoc-0d67bf5e353253a17][0m
[0m[1mmodule.vpc.aws_nat_gateway.this: Refreshing state... [id=nat-07aaeb5cc597dd977][0m
[0m[1mmodule.vpc.aws_route_table_association.public[1]: Refreshing state... [id=rtbassoc-023897c83a2c1f5ea][0m
[0m[1mmodule.eks.aws_eks_cluster.this: Refreshing state... [id=final-project-eks][0m
[0m[1mmodule.vpc.aws_route.private_nat: Refreshing state... [id=r-rtb-08ed1013619d58cba1080289494][0m
[0m[1mmodule.s3_backend.aws_s3_bucket_versioning.terraform_state_versioning: Refreshing state... [id=final-project-tfstate-001001][0m
[0m[1mmodule.s3_backend.aws_s3_bucket_public_access_block.terraform_state: Refreshing state... [id=final-project-tfstate-001001][0m
[0m[1mmodule.s3_backend.aws_s3_bucket_ownership_controls.terraform_state_ownership: Refreshing state... [id=final-project-tfstate-001001][0m
[0m[1mmodule.s3_backend.aws_s3_bucket_server_side_encryption_configuration.terraform_state: Refreshing state... [id=final-project-tfstate-001001][0m
[0m[1mmodule.eks.aws_eks_addon.vpc_cni: Refreshing state... [id=final-project-eks:vpc-cni][0m
[0m[1mmodule.eks.aws_eks_addon.kube_proxy: Refreshing state... [id=final-project-eks:kube-proxy][0m
[0m[1mmodule.eks.data.tls_certificate.eks: Reading...[0m[0m
[0m[1mdata.aws_eks_cluster_auth.this: Reading...[0m[0m
[0m[1mdata.aws_eks_cluster.this: Reading...[0m[0m
[0m[1mmodule.eks.aws_eks_node_group.this: Refreshing state... [id=final-project-eks:final-project-eks-nodes][0m
[0m[1mdata.aws_eks_cluster_auth.this: Read complete after 0s [id=final-project-eks][0m
[0m[1mmodule.rds.aws_security_group.this: Refreshing state... [id=sg-0c63271fa00f1dd25][0m
[0m[1mmodule.rds.aws_db_instance.this[0]: Refreshing state... [id=db-WQPUD5ILSBMK4TWLSTCPLCANRQ][0m
[0m[1mdata.aws_eks_cluster.this: Read complete after 1s [id=final-project-eks][0m
[0m[1mmodule.eks.aws_eks_addon.metrics_server: Refreshing state... [id=final-project-eks:metrics-server][0m
[0m[1mmodule.eks.aws_eks_addon.coredns: Refreshing state... [id=final-project-eks:coredns][0m
[0m[1mmodule.eks.data.tls_certificate.eks: Read complete after 1s [id=f97f646c2cd14cc0db0f757f0fccc96abbbe2af5][0m
[0m[1mmodule.eks.aws_iam_openid_connect_provider.eks: Refreshing state... [id=arn:aws:iam::308324916818:oidc-provider/oidc.eks.us-west-2.amazonaws.com/id/506F379587D73AA97FA0EBC7FF968C1B][0m
[0m[1mmodule.eks.data.aws_iam_policy_document.ebs_csi_assume: Reading...[0m[0m
[0m[1mmodule.eks.data.aws_iam_policy_document.ebs_csi_assume: Read complete after 0s [id=1782611463][0m
[0m[1mmodule.eks.aws_iam_role.ebs_csi: Refreshing state... [id=final-project-eks-ebs-csi-driver][0m
[0m[1mmodule.eks.aws_iam_role_policy_attachment.ebs_csi: Refreshing state... [id=final-project-eks-ebs-csi-driver/arn:aws:iam::aws:policy/service-role/AmazonEBSCSIDriverPolicy][0m
[0m[1mmodule.eks.aws_eks_addon.ebs_csi_driver: Refreshing state... [id=final-project-eks:aws-ebs-csi-driver][0m
[0m[1mmodule.argo_cd.kubernetes_namespace.argocd: Refreshing state... [id=argocd][0m
[0m[1mmodule.jenkins.kubernetes_namespace.jenkins: Refreshing state... [id=jenkins][0m
[0m[1mmodule.monitoring.kubernetes_namespace.monitoring: Refreshing state... [id=monitoring][0m
[0m[1mmodule.monitoring.kubernetes_storage_class.gp3: Refreshing state... [id=gp3][0m
[0m[1mkubernetes_secret.django_app: Refreshing state... [id=default/django-app-secrets][0m
[0m[1mmodule.jenkins.data.aws_iam_policy_document.agent_ecr: Reading...[0m[0m
[0m[1mmodule.jenkins.data.aws_iam_policy_document.agent_assume: Reading...[0m[0m
[0m[1mmodule.jenkins.data.aws_iam_policy_document.agent_ecr: Read complete after 0s [id=329439842][0m
[0m[1mmodule.jenkins.data.aws_iam_policy_document.agent_assume: Read complete after 0s [id=2380245251][0m
[0m[1mmodule.jenkins.aws_iam_role.agent: Refreshing state... [id=final-project-eks-jenkins-agent][0m
[0m[1mmodule.jenkins.aws_iam_role_policy.agent_ecr: Refreshing state... [id=final-project-eks-jenkins-agent:ecr-push][0m
[0m[1mmodule.monitoring.helm_release.kube_prometheus_stack: Refreshing state... [id=monitoring][0m
[0m[1mmodule.argo_cd.helm_release.argocd: Refreshing state... [id=argocd][0m
[0m[1mmodule.jenkins.kubernetes_service_account.agent: Refreshing state... [id=jenkins/jenkins-agent][0m
[0m[1mmodule.jenkins.helm_release.jenkins: Refreshing state... [id=jenkins][0m
[0m[1mmodule.argo_cd.helm_release.apps: Refreshing state... [id=argocd-apps][0m

[1m[36mNote:[0m[1m Objects have changed outside of Terraform
[0m
Terraform detected the following changes made outside of Terraform since the
last "terraform apply" which may have affected this plan:

[1m  # module.jenkins.helm_release.jenkins[0m has been deleted
[0m  [31m-[0m[0m resource "helm_release" "jenkins" {
        id                         = "jenkins"
      [31m-[0m[0m name                       = "jenkins" [90m-> null[0m[0m
        [90m# (28 unchanged attributes hidden)[0m[0m
    }


Unless you have made equivalent changes to your configuration, or ignored the
relevant attributes using ignore_changes, the following plan may include
actions to undo or respond to these changes.
[90m
─────────────────────────────────────────────────────────────────────────────[0m

Terraform used the selected providers to generate the following execution
plan. Resource actions are indicated with the following symbols:
  [32m+[0m create[0m

Terraform will perform the following actions:

[1m  # module.jenkins.helm_release.jenkins[0m will be created
[0m  [32m+[0m[0m resource "helm_release" "jenkins" {
      [32m+[0m[0m atomic                     = false
      [32m+[0m[0m chart                      = "jenkins"
      [32m+[0m[0m cleanup_on_fail            = false
      [32m+[0m[0m create_namespace           = false
      [32m+[0m[0m dependency_update          = false
      [32m+[0m[0m disable_crd_hooks          = false
      [32m+[0m[0m disable_openapi_validation = false
      [32m+[0m[0m disable_webhooks           = false
      [32m+[0m[0m force_update               = false
      [32m+[0m[0m id                         = (known after apply)
      [32m+[0m[0m lint                       = false
      [32m+[0m[0m manifest                   = (known after apply)
      [32m+[0m[0m max_history                = 0
      [32m+[0m[0m metadata                   = (known after apply)
      [32m+[0m[0m name                       = "jenkins"
      [32m+[0m[0m namespace                  = "jenkins"
      [32m+[0m[0m pass_credentials           = false
      [32m+[0m[0m recreate_pods              = false
      [32m+[0m[0m render_subchart_notes      = true
      [32m+[0m[0m replace                    = false
      [32m+[0m[0m repository                 = "https://charts.jenkins.io"
      [32m+[0m[0m reset_values               = false
      [32m+[0m[0m reuse_values               = false
      [32m+[0m[0m skip_crds                  = false
      [32m+[0m[0m status                     = "deployed"
      [32m+[0m[0m timeout                    = 900
      [32m+[0m[0m values                     = [
          [32m+[0m[0m (sensitive value),
        ]
      [32m+[0m[0m verify                     = false
      [32m+[0m[0m version                    = "5.9.40"
      [32m+[0m[0m wait                       = true
      [32m+[0m[0m wait_for_jobs              = false
    }

[1mPlan:[0m [0m1 to add, 0 to change, 0 to destroy.
[0m[1m
Do you want to perform these actions?[0m
  Terraform will perform the actions described above.
  Only 'yes' will be accepted to approve.

  [1mEnter a value:[0m [0m
[0m[1mmodule.jenkins.helm_release.jenkins: Creating...[0m[0m
[0m[1mmodule.jenkins.helm_release.jenkins: Still creating... [00m10s elapsed][0m[0m
[0m[1mmodule.jenkins.helm_release.jenkins: Still creating... [00m20s elapsed][0m[0m
[0m[1mmodule.jenkins.helm_release.jenkins: Still creating... [00m30s elapsed][0m[0m
[0m[1mmodule.jenkins.helm_release.jenkins: Still creating... [00m40s elapsed][0m[0m
[0m[1mmodule.jenkins.helm_release.jenkins: Still creating... [00m50s elapsed][0m[0m
[0m[1mmodule.jenkins.helm_release.jenkins: Still creating... [01m00s elapsed][0m[0m
[0m[1mmodule.jenkins.helm_release.jenkins: Still creating... [01m10s elapsed][0m[0m
[0m[1mmodule.jenkins.helm_release.jenkins: Still creating... [01m20s elapsed][0m[0m
[0m[1mmodule.jenkins.helm_release.jenkins: Still creating... [01m30s elapsed][0m[0m
[0m[1mmodule.jenkins.helm_release.jenkins: Creation complete after 1m33s [id=jenkins][0m
Releasing state lock. This may take a few moments...
[0m[1m[32m
Apply complete! Resources: 1 added, 0 changed, 0 destroyed.[0m
[0m[1m[32m
Outputs:

[0margocd_admin_password_command = "kubectl -n argocd get secret argocd-initial-admin-secret -o jsonpath='{.data.password}' | base64 -d"
argocd_application = "django-app"
argocd_namespace = "argocd"
argocd_port_forward = "kubectl -n argocd port-forward svc/argocd-server 8081:443"
dynamodb_table_name = "final-project-tf-locks"
ecr_repository_url = "308324916818.dkr.ecr.us-west-2.amazonaws.com/final-project-django"
eks_cluster_endpoint = "https://506F379587D73AA97FA0EBC7FF968C1B.gr7.us-west-2.eks.amazonaws.com"
eks_cluster_name = "final-project-eks"
eks_configure_kubectl = "aws eks update-kubeconfig --region us-west-2 --name final-project-eks"
grafana_admin_password = <sensitive>
grafana_admin_user = "admin"
grafana_port_forward = "kubectl -n monitoring port-forward svc/grafana 3000:80"
jenkins_admin_password = <sensitive>
jenkins_admin_user = "admin"
jenkins_agent_role_arn = "arn:aws:iam::308324916818:role/final-project-eks-jenkins-agent"
jenkins_namespace = "jenkins"
jenkins_port_forward = "kubectl -n jenkins port-forward svc/jenkins 8080:8080"
monitoring_namespace = "monitoring"
private_subnets = [
  "subnet-0f75ebe3b2ce2267c",
  "subnet-0bbd9dcb1d6039d00",
  "subnet-0b6af3c6632d551ac",
]
prometheus_port_forward = "kubectl -n monitoring port-forward svc/monitoring-kube-prometheus-prometheus 9090:9090"
public_subnets = [
  "subnet-0400c26d7bb9e89ef",
  "subnet-01fd464bac3bd2f4d",
  "subnet-0a30895f7241da6bf",
]
rds_endpoint = "final-project-db.cl60y6ekkj13.us-west-2.rds.amazonaws.com"
rds_is_aurora = false
rds_port = 5432
rds_security_group_id = "sg-0c63271fa00f1dd25"
s3_bucket_name = "final-project-tfstate-001001"
vpc_id = "vpc-0cf59bded664e4e58"
[33m╷[0m[0m
[33m│[0m [0m[1m[33mWarning: [0m[0m[1mDeprecated Parameter[0m
[33m│[0m [0m
[33m│[0m [0m[0mThe parameter "dynamodb_table" is deprecated. Use parameter "use_lockfile" instead.
[33m╵[0m[0m
Acquiring state lock. This may take a few moments...
[0m[1mrandom_password.jenkins_admin: Refreshing state... [id=none][0m
[0m[1mrandom_password.django_secret_key: Refreshing state... [id=none][0m
[0m[1mrandom_password.grafana_admin: Refreshing state... [id=none][0m
[0m[1mmodule.eks.data.aws_iam_policy_document.node_assume: Reading...[0m[0m
[0m[1mmodule.ecr.data.aws_caller_identity.current: Reading...[0m[0m
[0m[1mmodule.eks.data.aws_iam_policy_document.cluster_assume: Reading...[0m[0m
[0m[1mmodule.vpc.aws_vpc.main: Refreshing state... [id=vpc-0cf59bded664e4e58][0m
[0m[1mmodule.vpc.aws_eip.nat: Refreshing state... [id=eipalloc-0300b15a6dda44e06][0m
[0m[1mmodule.ecr.aws_ecr_repository.this: Refreshing state... [id=final-project-django][0m
[0m[1mmodule.rds.aws_db_parameter_group.this[0]: Refreshing state... [id=final-project-db-pg][0m
[0m[1mmodule.s3_backend.aws_dynamodb_table.terraform_locks: Refreshing state... [id=final-project-tf-locks][0m
[0m[1mmodule.s3_backend.aws_s3_bucket.terraform_state: Refreshing state... [id=final-project-tfstate-001001][0m
[0m[1mmodule.eks.data.aws_iam_policy_document.cluster_assume: Read complete after 0s [id=3552664922][0m
[0m[1mmodule.eks.data.aws_iam_policy_document.node_assume: Read complete after 0s [id=2851119427][0m
[0m[1mmodule.eks.aws_iam_role.cluster: Refreshing state... [id=final-project-eks-cluster-role][0m
[0m[1mmodule.eks.aws_iam_role.node: Refreshing state... [id=final-project-eks-node-role][0m
[0m[1mmodule.ecr.data.aws_caller_identity.current: Read complete after 1s [id=308324916818][0m
[0m[1mmodule.ecr.data.aws_iam_policy_document.ecr: Reading...[0m[0m
[0m[1mmodule.ecr.data.aws_iam_policy_document.ecr: Read complete after 0s [id=447341285][0m
[0m[1mmodule.eks.aws_iam_role_policy_attachment.node_ecr_readonly: Refreshing state... [id=final-project-eks-node-role/arn:aws:iam::aws:policy/AmazonEC2ContainerRegistryReadOnly][0m
[0m[1mmodule.eks.aws_iam_role_policy_attachment.node_cni_policy: Refreshing state... [id=final-project-eks-node-role/arn:aws:iam::aws:policy/AmazonEKS_CNI_Policy][0m
[0m[1mmodule.eks.aws_iam_role_policy_attachment.node_worker_policy: Refreshing state... [id=final-project-eks-node-role/arn:aws:iam::aws:policy/AmazonEKSWorkerNodePolicy][0m
[0m[1mmodule.eks.aws_iam_role_policy_attachment.cluster_policy: Refreshing state... [id=final-project-eks-cluster-role/arn:aws:iam::aws:policy/AmazonEKSClusterPolicy][0m
[0m[1mmodule.ecr.aws_ecr_repository_policy.this: Refreshing state... [id=final-project-django][0m
[0m[1mmodule.vpc.aws_route_table.public: Refreshing state... [id=rtb-0c78e3f21229c1ad4][0m
[0m[1mmodule.vpc.aws_internet_gateway.igw: Refreshing state... [id=igw-04f2a697cf1adc3bd][0m
[0m[1mmodule.vpc.aws_route_table.private: Refreshing state... [id=rtb-08ed1013619d58cba][0m
[0m[1mmodule.vpc.aws_subnet.private[0]: Refreshing state... [id=subnet-0f75ebe3b2ce2267c][0m
[0m[1mmodule.vpc.aws_subnet.public[1]: Refreshing state... [id=subnet-01fd464bac3bd2f4d][0m
[0m[1mmodule.vpc.aws_subnet.private[2]: Refreshing state... [id=subnet-0b6af3c6632d551ac][0m
[0m[1mmodule.vpc.aws_subnet.private[1]: Refreshing state... [id=subnet-0bbd9dcb1d6039d00][0m
[0m[1mmodule.vpc.aws_subnet.public[2]: Refreshing state... [id=subnet-0a30895f7241da6bf][0m
[0m[1mmodule.vpc.aws_subnet.public[0]: Refreshing state... [id=subnet-0400c26d7bb9e89ef][0m
[0m[1mmodule.vpc.aws_route.public_internet: Refreshing state... [id=r-rtb-0c78e3f21229c1ad41080289494][0m
[0m[1mmodule.vpc.aws_route_table_association.public[1]: Refreshing state... [id=rtbassoc-023897c83a2c1f5ea][0m
[0m[1mmodule.vpc.aws_route_table_association.public[0]: Refreshing state... [id=rtbassoc-0d67bf5e353253a17][0m
[0m[1mmodule.vpc.aws_route_table_association.public[2]: Refreshing state... [id=rtbassoc-0c91ab5effad41034][0m
[0m[1mmodule.vpc.aws_nat_gateway.this: Refreshing state... [id=nat-07aaeb5cc597dd977][0m
[0m[1mmodule.vpc.aws_route_table_association.private[2]: Refreshing state... [id=rtbassoc-0cf4b66477c3619dd][0m
[0m[1mmodule.vpc.aws_route_table_association.private[0]: Refreshing state... [id=rtbassoc-0bb16a3679ba9d370][0m
[0m[1mmodule.vpc.aws_route_table_association.private[1]: Refreshing state... [id=rtbassoc-0e0ddf7d7d13b5bb9][0m
[0m[1mmodule.rds.aws_db_subnet_group.this: Refreshing state... [id=final-project-subnet-group][0m
[0m[1mmodule.eks.aws_eks_cluster.this: Refreshing state... [id=final-project-eks][0m
[0m[1mmodule.vpc.aws_route.private_nat: Refreshing state... [id=r-rtb-08ed1013619d58cba1080289494][0m
[0m[1mmodule.s3_backend.aws_s3_bucket_ownership_controls.terraform_state_ownership: Refreshing state... [id=final-project-tfstate-001001][0m
[0m[1mmodule.s3_backend.aws_s3_bucket_public_access_block.terraform_state: Refreshing state... [id=final-project-tfstate-001001][0m
[0m[1mmodule.s3_backend.aws_s3_bucket_versioning.terraform_state_versioning: Refreshing state... [id=final-project-tfstate-001001][0m
[0m[1mmodule.s3_backend.aws_s3_bucket_server_side_encryption_configuration.terraform_state: Refreshing state... [id=final-project-tfstate-001001][0m
[0m[1mmodule.eks.aws_eks_addon.vpc_cni: Refreshing state... [id=final-project-eks:vpc-cni][0m
[0m[1mmodule.eks.aws_eks_addon.kube_proxy: Refreshing state... [id=final-project-eks:kube-proxy][0m
[0m[1mdata.aws_eks_cluster.this: Reading...[0m[0m
[0m[1mmodule.eks.aws_eks_node_group.this: Refreshing state... [id=final-project-eks:final-project-eks-nodes][0m
[0m[1mmodule.eks.data.tls_certificate.eks: Reading...[0m[0m
[0m[1mdata.aws_eks_cluster_auth.this: Reading...[0m[0m
[0m[1mdata.aws_eks_cluster_auth.this: Read complete after 0s [id=final-project-eks][0m
[0m[1mmodule.rds.aws_security_group.this: Refreshing state... [id=sg-0c63271fa00f1dd25][0m
[0m[1mmodule.rds.aws_db_instance.this[0]: Refreshing state... [id=db-WQPUD5ILSBMK4TWLSTCPLCANRQ][0m
[0m[1mdata.aws_eks_cluster.this: Read complete after 1s [id=final-project-eks][0m
[0m[1mmodule.eks.aws_eks_addon.metrics_server: Refreshing state... [id=final-project-eks:metrics-server][0m
[0m[1mmodule.eks.aws_eks_addon.coredns: Refreshing state... [id=final-project-eks:coredns][0m
[0m[1mmodule.eks.data.tls_certificate.eks: Read complete after 1s [id=f97f646c2cd14cc0db0f757f0fccc96abbbe2af5][0m
[0m[1mmodule.eks.aws_iam_openid_connect_provider.eks: Refreshing state... [id=arn:aws:iam::308324916818:oidc-provider/oidc.eks.us-west-2.amazonaws.com/id/506F379587D73AA97FA0EBC7FF968C1B][0m
[0m[1mmodule.eks.data.aws_iam_policy_document.ebs_csi_assume: Reading...[0m[0m
[0m[1mmodule.eks.data.aws_iam_policy_document.ebs_csi_assume: Read complete after 0s [id=1782611463][0m
[0m[1mmodule.eks.aws_iam_role.ebs_csi: Refreshing state... [id=final-project-eks-ebs-csi-driver][0m
[0m[1mmodule.eks.aws_iam_role_policy_attachment.ebs_csi: Refreshing state... [id=final-project-eks-ebs-csi-driver/arn:aws:iam::aws:policy/service-role/AmazonEBSCSIDriverPolicy][0m
[0m[1mmodule.eks.aws_eks_addon.ebs_csi_driver: Refreshing state... [id=final-project-eks:aws-ebs-csi-driver][0m
[0m[1mmodule.monitoring.kubernetes_storage_class.gp3: Refreshing state... [id=gp3][0m
[0m[1mmodule.jenkins.data.aws_iam_policy_document.agent_ecr: Reading...[0m[0m
[0m[1mmodule.jenkins.data.aws_iam_policy_document.agent_assume: Reading...[0m[0m
[0m[1mkubernetes_secret.django_app: Refreshing state... [id=default/django-app-secrets][0m
[0m[1mmodule.jenkins.data.aws_iam_policy_document.agent_assume: Read complete after 0s [id=2380245251][0m
[0m[1mmodule.jenkins.kubernetes_namespace.jenkins: Refreshing state... [id=jenkins][0m
[0m[1mmodule.argo_cd.kubernetes_namespace.argocd: Refreshing state... [id=argocd][0m
[0m[1mmodule.monitoring.kubernetes_namespace.monitoring: Refreshing state... [id=monitoring][0m
[0m[1mmodule.jenkins.data.aws_iam_policy_document.agent_ecr: Read complete after 0s [id=329439842][0m
[0m[1mmodule.jenkins.aws_iam_role.agent: Refreshing state... [id=final-project-eks-jenkins-agent][0m
[0m[1mmodule.jenkins.aws_iam_role_policy.agent_ecr: Refreshing state... [id=final-project-eks-jenkins-agent:ecr-push][0m
[0m[1mmodule.jenkins.kubernetes_service_account.agent: Refreshing state... [id=jenkins/jenkins-agent][0m
[0m[1mmodule.monitoring.helm_release.kube_prometheus_stack: Refreshing state... [id=monitoring][0m
[0m[1mmodule.argo_cd.helm_release.argocd: Refreshing state... [id=argocd][0m
[0m[1mmodule.jenkins.helm_release.jenkins: Refreshing state... [id=jenkins][0m
[0m[1mmodule.argo_cd.helm_release.apps: Refreshing state... [id=argocd-apps][0m

[0m[1m[32mNo changes.[0m[1m Your infrastructure matches the configuration.[0m

[0mTerraform has compared your real infrastructure against your configuration
and found no differences, so no changes are needed.
Releasing state lock. This may take a few moments...
[0m[1m[32m
Apply complete! Resources: 0 added, 0 changed, 0 destroyed.[0m
[0m[1m[32m
Outputs:

[0margocd_admin_password_command = "kubectl -n argocd get secret argocd-initial-admin-secret -o jsonpath='{.data.password}' | base64 -d"
argocd_application = "django-app"
argocd_namespace = "argocd"
argocd_port_forward = "kubectl -n argocd port-forward svc/argocd-server 8081:443"
dynamodb_table_name = "final-project-tf-locks"
ecr_repository_url = "308324916818.dkr.ecr.us-west-2.amazonaws.com/final-project-django"
eks_cluster_endpoint = "https://506F379587D73AA97FA0EBC7FF968C1B.gr7.us-west-2.eks.amazonaws.com"
eks_cluster_name = "final-project-eks"
eks_configure_kubectl = "aws eks update-kubeconfig --region us-west-2 --name final-project-eks"
grafana_admin_password = <sensitive>
grafana_admin_user = "admin"
grafana_port_forward = "kubectl -n monitoring port-forward svc/grafana 3000:80"
jenkins_admin_password = <sensitive>
jenkins_admin_user = "admin"
jenkins_agent_role_arn = "arn:aws:iam::308324916818:role/final-project-eks-jenkins-agent"
jenkins_namespace = "jenkins"
jenkins_port_forward = "kubectl -n jenkins port-forward svc/jenkins 8080:8080"
monitoring_namespace = "monitoring"
private_subnets = [
  "subnet-0f75ebe3b2ce2267c",
  "subnet-0bbd9dcb1d6039d00",
  "subnet-0b6af3c6632d551ac",
]
prometheus_port_forward = "kubectl -n monitoring port-forward svc/monitoring-kube-prometheus-prometheus 9090:9090"
public_subnets = [
  "subnet-0400c26d7bb9e89ef",
  "subnet-01fd464bac3bd2f4d",
  "subnet-0a30895f7241da6bf",
]
rds_endpoint = "final-project-db.cl60y6ekkj13.us-west-2.rds.amazonaws.com"
rds_is_aurora = false
rds_port = 5432
rds_security_group_id = "sg-0c63271fa00f1dd25"
s3_bucket_name = "final-project-tfstate-001001"
vpc_id = "vpc-0cf59bded664e4e58"
